<?xml version="1.0" encoding="UTF-8"?>
<testng-results ignored="0" total="1" passed="1" failed="0" skipped="0">
  <reporter-output>
  </reporter-output>
  <suite started-at="2023-08-15T08:23:35 MYT" name="Default suite" finished-at="2023-08-15T08:23:49 MYT" duration-ms="14206">
    <groups>
    </groups>
    <test started-at="2023-08-15T08:23:35 MYT" name="Default test" finished-at="2023-08-15T08:23:49 MYT" duration-ms="14206">
      <class name="question2">
        <test-method is-config="true" signature="setUp()[pri:0, instance:question2@750e2b97]" started-at="2023-08-15T08:23:35 MYT" name="setUp" finished-at="2023-08-15T08:23:37 MYT" duration-ms="1958" status="PASS">
          <reporter-output>
          </reporter-output>
        </test-method> <!-- setUp -->
        <test-method signature="main()[pri:0, instance:question2@750e2b97]" started-at="2023-08-15T08:23:37 MYT" name="main" finished-at="2023-08-15T08:23:49 MYT" duration-ms="12107" status="PASS">
          <reporter-output>
          </reporter-output>
        </test-method> <!-- main -->
        <test-method is-config="true" signature="terminateBrowser()[pri:0, instance:question2@750e2b97]" started-at="2023-08-15T08:23:49 MYT" name="terminateBrowser" finished-at="2023-08-15T08:23:49 MYT" duration-ms="86" status="PASS">
          <reporter-output>
          </reporter-output>
        </test-method> <!-- terminateBrowser -->
      </class> <!-- question2 -->
    </test> <!-- Default test -->
  </suite> <!-- Default suite -->
</testng-results>
